2025-04-16 17:49:19,003 [INFO] Starting Flask server on port 5000
2025-04-16 17:49:19,104 [INFO] [31m[1mWARNING: This is a development server. Do not use it in a production deployment. Use a production WSGI server instead.[0m
 * Running on all addresses (0.0.0.0)
 * Running on http://127.0.0.1:5000
 * Running on http://192.168.29.46:5000
2025-04-16 17:49:19,104 [INFO] [33mPress CTRL+C to quit[0m
2025-04-16 17:49:19,125 [INFO]  * Restarting with watchdog (windowsapi)
2025-04-16 17:49:19,770 [INFO] Starting Flask server on port 5000
2025-04-16 17:49:19,804 [WARNING]  * Debugger is active!
2025-04-16 17:49:19,819 [INFO]  * Debugger PIN: 119-398-109
2025-04-16 17:49:36,211 [INFO]  * Detected change in 'C:\\Program Files\\WindowsApps\\PythonSoftwareFoundation.Python.3.11_3.11.2544.0_x64__qbz5n2kfra8p0\\Lib\\http\\cookiejar.py', reloading
2025-04-16 17:49:36,211 [INFO]  * Detected change in 'C:\\Program Files\\WindowsApps\\PythonSoftwareFoundation.Python.3.11_3.11.2544.0_x64__qbz5n2kfra8p0\\Lib\\http\\cookies.py', reloading
2025-04-16 17:49:36,255 [INFO]  * Detected change in 'C:\\Program Files\\WindowsApps\\PythonSoftwareFoundation.Python.3.11_3.11.2544.0_x64__qbz5n2kfra8p0\\Lib\\importlib\\readers.py', reloading
2025-04-16 17:49:36,255 [INFO]  * Detected change in 'C:\\Program Files\\WindowsApps\\PythonSoftwareFoundation.Python.3.11_3.11.2544.0_x64__qbz5n2kfra8p0\\Lib\\importlib\\resources\\readers.py', reloading
2025-04-16 17:49:36,263 [INFO]  * Detected change in 'C:\\Program Files\\WindowsApps\\PythonSoftwareFoundation.Python.3.11_3.11.2544.0_x64__qbz5n2kfra8p0\\Lib\\importlib\\resources\\_itertools.py', reloading
2025-04-16 17:49:36,842 [INFO]  * Detected change in 'C:\\Program Files\\WindowsApps\\PythonSoftwareFoundation.Python.3.11_3.11.2544.0_x64__qbz5n2kfra8p0\\Lib\\shlex.py', reloading
2025-04-16 17:49:36,842 [INFO]  * Detected change in 'C:\\Program Files\\WindowsApps\\PythonSoftwareFoundation.Python.3.11_3.11.2544.0_x64__qbz5n2kfra8p0\\Lib\\webbrowser.py', reloading
2025-04-16 17:49:36,859 [INFO]  * Detected change in 'C:\\Program Files\\WindowsApps\\PythonSoftwareFoundation.Python.3.11_3.11.2544.0_x64__qbz5n2kfra8p0\\Lib\\concurrent\\__init__.py', reloading
2025-04-16 17:49:36,860 [INFO]  * Detected change in 'C:\\Program Files\\WindowsApps\\PythonSoftwareFoundation.Python.3.11_3.11.2544.0_x64__qbz5n2kfra8p0\\Lib\\concurrent\\futures\\__init__.py', reloading
2025-04-16 17:49:36,866 [INFO]  * Detected change in 'C:\\Program Files\\WindowsApps\\PythonSoftwareFoundation.Python.3.11_3.11.2544.0_x64__qbz5n2kfra8p0\\Lib\\concurrent\\futures\\_base.py', reloading
2025-04-16 17:49:36,873 [INFO]  * Detected change in 'C:\\Program Files\\WindowsApps\\PythonSoftwareFoundation.Python.3.11_3.11.2544.0_x64__qbz5n2kfra8p0\\Lib\\asyncio\\__init__.py', reloading
2025-04-16 17:49:36,878 [INFO]  * Detected change in 'C:\\Program Files\\WindowsApps\\PythonSoftwareFoundation.Python.3.11_3.11.2544.0_x64__qbz5n2kfra8p0\\Lib\\asyncio\\base_events.py', reloading
2025-04-16 17:49:36,883 [INFO]  * Detected change in 'C:\\Program Files\\WindowsApps\\PythonSoftwareFoundation.Python.3.11_3.11.2544.0_x64__qbz5n2kfra8p0\\Lib\\asyncio\\constants.py', reloading
2025-04-16 17:49:36,886 [INFO]  * Detected change in 'C:\\Program Files\\WindowsApps\\PythonSoftwareFoundation.Python.3.11_3.11.2544.0_x64__qbz5n2kfra8p0\\Lib\\asyncio\\coroutines.py', reloading
2025-04-16 17:49:36,891 [INFO]  * Detected change in 'C:\\Program Files\\WindowsApps\\PythonSoftwareFoundation.Python.3.11_3.11.2544.0_x64__qbz5n2kfra8p0\\Lib\\asyncio\\events.py', reloading
2025-04-16 17:49:36,891 [INFO]  * Detected change in 'C:\\Program Files\\WindowsApps\\PythonSoftwareFoundation.Python.3.11_3.11.2544.0_x64__qbz5n2kfra8p0\\Lib\\asyncio\\format_helpers.py', reloading
2025-04-16 17:49:36,902 [INFO]  * Detected change in 'C:\\Program Files\\WindowsApps\\PythonSoftwareFoundation.Python.3.11_3.11.2544.0_x64__qbz5n2kfra8p0\\Lib\\asyncio\\base_futures.py', reloading
2025-04-16 17:49:36,902 [INFO]  * Detected change in 'C:\\Program Files\\WindowsApps\\PythonSoftwareFoundation.Python.3.11_3.11.2544.0_x64__qbz5n2kfra8p0\\Lib\\asyncio\\exceptions.py', reloading
2025-04-16 17:49:36,908 [INFO]  * Detected change in 'C:\\Program Files\\WindowsApps\\PythonSoftwareFoundation.Python.3.11_3.11.2544.0_x64__qbz5n2kfra8p0\\Lib\\asyncio\\base_tasks.py', reloading
2025-04-16 17:49:36,910 [INFO]  * Detected change in 'C:\\Program Files\\WindowsApps\\PythonSoftwareFoundation.Python.3.11_3.11.2544.0_x64__qbz5n2kfra8p0\\Lib\\asyncio\\futures.py', reloading
2025-04-16 17:49:36,910 [INFO]  * Detected change in 'C:\\Program Files\\WindowsApps\\PythonSoftwareFoundation.Python.3.11_3.11.2544.0_x64__qbz5n2kfra8p0\\Lib\\asyncio\\protocols.py', reloading
2025-04-16 17:49:36,918 [INFO]  * Detected change in 'C:\\Program Files\\WindowsApps\\PythonSoftwareFoundation.Python.3.11_3.11.2544.0_x64__qbz5n2kfra8p0\\Lib\\asyncio\\sslproto.py', reloading
2025-04-16 17:49:36,919 [INFO]  * Detected change in 'C:\\Program Files\\WindowsApps\\PythonSoftwareFoundation.Python.3.11_3.11.2544.0_x64__qbz5n2kfra8p0\\Lib\\asyncio\\transports.py', reloading
2025-04-16 17:49:36,925 [INFO]  * Detected change in 'C:\\Program Files\\WindowsApps\\PythonSoftwareFoundation.Python.3.11_3.11.2544.0_x64__qbz5n2kfra8p0\\Lib\\asyncio\\log.py', reloading
2025-04-16 17:49:36,928 [INFO]  * Detected change in 'C:\\Program Files\\WindowsApps\\PythonSoftwareFoundation.Python.3.11_3.11.2544.0_x64__qbz5n2kfra8p0\\Lib\\asyncio\\staggered.py', reloading
2025-04-16 17:49:36,932 [INFO]  * Detected change in 'C:\\Program Files\\WindowsApps\\PythonSoftwareFoundation.Python.3.11_3.11.2544.0_x64__qbz5n2kfra8p0\\Lib\\asyncio\\locks.py', reloading
2025-04-16 17:49:36,936 [INFO]  * Detected change in 'C:\\Program Files\\WindowsApps\\PythonSoftwareFoundation.Python.3.11_3.11.2544.0_x64__qbz5n2kfra8p0\\Lib\\asyncio\\mixins.py', reloading
2025-04-16 17:49:36,936 [INFO]  * Detected change in 'C:\\Program Files\\WindowsApps\\PythonSoftwareFoundation.Python.3.11_3.11.2544.0_x64__qbz5n2kfra8p0\\Lib\\asyncio\\tasks.py', reloading
2025-04-16 17:49:36,942 [INFO]  * Detected change in 'C:\\Program Files\\WindowsApps\\PythonSoftwareFoundation.Python.3.11_3.11.2544.0_x64__qbz5n2kfra8p0\\Lib\\asyncio\\trsock.py', reloading
2025-04-16 17:49:36,942 [INFO]  * Detected change in 'C:\\Program Files\\WindowsApps\\PythonSoftwareFoundation.Python.3.11_3.11.2544.0_x64__qbz5n2kfra8p0\\Lib\\asyncio\\runners.py', reloading
2025-04-16 17:49:36,949 [INFO]  * Detected change in 'C:\\Program Files\\WindowsApps\\PythonSoftwareFoundation.Python.3.11_3.11.2544.0_x64__qbz5n2kfra8p0\\Lib\\asyncio\\queues.py', reloading
2025-04-16 17:49:36,953 [INFO]  * Detected change in 'C:\\Program Files\\WindowsApps\\PythonSoftwareFoundation.Python.3.11_3.11.2544.0_x64__qbz5n2kfra8p0\\Lib\\asyncio\\streams.py', reloading
2025-04-16 17:49:36,959 [INFO]  * Detected change in 'C:\\Program Files\\WindowsApps\\PythonSoftwareFoundation.Python.3.11_3.11.2544.0_x64__qbz5n2kfra8p0\\Lib\\asyncio\\subprocess.py', reloading
2025-04-16 17:49:36,959 [INFO]  * Detected change in 'C:\\Program Files\\WindowsApps\\PythonSoftwareFoundation.Python.3.11_3.11.2544.0_x64__qbz5n2kfra8p0\\Lib\\asyncio\\taskgroups.py', reloading
2025-04-16 17:49:36,965 [INFO]  * Detected change in 'C:\\Program Files\\WindowsApps\\PythonSoftwareFoundation.Python.3.11_3.11.2544.0_x64__qbz5n2kfra8p0\\Lib\\asyncio\\timeouts.py', reloading
2025-04-16 17:49:36,969 [INFO]  * Detected change in 'C:\\Program Files\\WindowsApps\\PythonSoftwareFoundation.Python.3.11_3.11.2544.0_x64__qbz5n2kfra8p0\\Lib\\asyncio\\threads.py', reloading
2025-04-16 17:49:36,975 [INFO]  * Detected change in 'C:\\Program Files\\WindowsApps\\PythonSoftwareFoundation.Python.3.11_3.11.2544.0_x64__qbz5n2kfra8p0\\Lib\\asyncio\\windows_events.py', reloading
2025-04-16 17:49:36,982 [INFO]  * Detected change in 'C:\\Program Files\\WindowsApps\\PythonSoftwareFoundation.Python.3.11_3.11.2544.0_x64__qbz5n2kfra8p0\\Lib\\asyncio\\base_subprocess.py', reloading
2025-04-16 17:49:36,986 [INFO]  * Detected change in 'C:\\Program Files\\WindowsApps\\PythonSoftwareFoundation.Python.3.11_3.11.2544.0_x64__qbz5n2kfra8p0\\Lib\\asyncio\\proactor_events.py', reloading
2025-04-16 17:49:36,990 [INFO]  * Detected change in 'C:\\Program Files\\WindowsApps\\PythonSoftwareFoundation.Python.3.11_3.11.2544.0_x64__qbz5n2kfra8p0\\Lib\\asyncio\\selector_events.py', reloading
2025-04-16 17:49:36,990 [INFO]  * Detected change in 'C:\\Program Files\\WindowsApps\\PythonSoftwareFoundation.Python.3.11_3.11.2544.0_x64__qbz5n2kfra8p0\\Lib\\asyncio\\windows_utils.py', reloading
2025-04-16 17:49:37,001 [INFO]  * Detected change in 'C:\\Program Files\\WindowsApps\\PythonSoftwareFoundation.Python.3.11_3.11.2544.0_x64__qbz5n2kfra8p0\\Lib\\logging\\handlers.py', reloading
2025-04-16 17:49:37,015 [INFO]  * Detected change in 'C:\\Program Files\\WindowsApps\\PythonSoftwareFoundation.Python.3.11_3.11.2544.0_x64__qbz5n2kfra8p0\\Lib\\curses\\__init__.py', reloading
2025-04-16 17:49:37,080 [INFO]  * Detected change in 'C:\\Program Files\\WindowsApps\\PythonSoftwareFoundation.Python.3.11_3.11.2544.0_x64__qbz5n2kfra8p0\\Lib\\concurrent\\futures\\thread.py', reloading
2025-04-16 17:49:37,096 [INFO]  * Detected change in 'C:\\Program Files\\WindowsApps\\PythonSoftwareFoundation.Python.3.11_3.11.2544.0_x64__qbz5n2kfra8p0\\Lib\\gzip.py', reloading
2025-04-16 17:49:37,119 [INFO]  * Detected change in 'C:\\Program Files\\WindowsApps\\PythonSoftwareFoundation.Python.3.11_3.11.2544.0_x64__qbz5n2kfra8p0\\Lib\\glob.py', reloading
2025-04-16 17:49:37,250 [INFO]  * Restarting with watchdog (windowsapi)
2025-04-16 17:49:37,812 [INFO] Starting Flask server on port 5000
2025-04-16 17:49:37,841 [WARNING]  * Debugger is active!
2025-04-16 17:49:37,852 [INFO]  * Debugger PIN: 119-398-109
2025-04-16 17:55:40,174 [INFO] Received GET request for /get_flights
2025-04-16 17:55:40,257 [INFO] package: mysql.connector.plugins
2025-04-16 17:55:40,259 [INFO] plugin_name: mysql_native_password
2025-04-16 17:55:40,261 [INFO] AUTHENTICATION_PLUGIN_CLASS: MySQLNativePasswordAuthPlugin
2025-04-16 17:55:40,265 [INFO] Database connection established
2025-04-16 17:55:41,431 [INFO] Returning combined cities and airports data
2025-04-16 17:55:41,431 [INFO] Database connection closed for /get_flights
2025-04-16 17:55:41,439 [INFO] 127.0.0.1 - - [16/Apr/2025 17:55:41] "GET /get_flights HTTP/1.1" 200 -
2025-04-16 17:55:41,452 [INFO] Received GET request for /get_flights
2025-04-16 17:55:41,472 [INFO] Database connection established
2025-04-16 17:55:42,421 [INFO] Returning combined cities and airports data
2025-04-16 17:55:42,429 [INFO] Database connection closed for /get_flights
2025-04-16 17:55:42,430 [INFO] 127.0.0.1 - - [16/Apr/2025 17:55:42] "GET /get_flights HTTP/1.1" 200 -
2025-04-16 17:56:27,539 [INFO] Received GET request for /api/profile
2025-04-16 17:56:27,548 [INFO] Database connection established
2025-04-16 17:56:27,556 [INFO] Returning user profile for quizzicalbassi1@freethecookies.com
2025-04-16 17:56:27,556 [INFO] Database connection closed for /api/profile
2025-04-16 17:56:27,556 [INFO] 127.0.0.1 - - [16/Apr/2025 17:56:27] "GET /api/profile?identifier=quizzicalbassi1@freethecookies.com HTTP/1.1" 200 -
2025-04-16 17:56:27,800 [INFO] Received GET request for /api/profile
2025-04-16 17:56:27,810 [INFO] Database connection established
2025-04-16 17:56:27,816 [INFO] Returning user profile for quizzicalbassi1@freethecookies.com
2025-04-16 17:56:27,817 [INFO] Database connection closed for /api/profile
2025-04-16 17:56:27,822 [INFO] 127.0.0.1 - - [16/Apr/2025 17:56:27] "GET /api/profile?identifier=quizzicalbassi1@freethecookies.com HTTP/1.1" 200 -
2025-04-16 17:56:27,874 [INFO] Received GET request for /api/profile
2025-04-16 17:56:27,880 [INFO] Database connection established
2025-04-16 17:56:27,884 [INFO] Returning user profile for quizzicalbassi1@freethecookies.com
2025-04-16 17:56:27,886 [INFO] Database connection closed for /api/profile
2025-04-16 17:56:27,888 [INFO] 127.0.0.1 - - [16/Apr/2025 17:56:27] "GET /api/profile?identifier=quizzicalbassi1@freethecookies.com HTTP/1.1" 200 -
2025-04-16 17:56:28,143 [INFO] 127.0.0.1 - - [16/Apr/2025 17:56:28] "OPTIONS /api/save_booking_confirmation HTTP/1.1" 200 -
2025-04-16 17:56:28,209 [INFO] Received POST request for /save_booking_confirmation
2025-04-16 17:56:28,218 [INFO] Database connection established
2025-04-16 17:56:28,236 [INFO] Booking saved successfully: 10963644
2025-04-16 17:56:28,236 [INFO] Database connection closed for /save_booking_confirmation
2025-04-16 17:56:28,246 [INFO] 127.0.0.1 - - [16/Apr/2025 17:56:28] "POST /api/save_booking_confirmation HTTP/1.1" 200 -
2025-04-16 17:56:40,194 [INFO] Received GET request for /api/flight_bookings
2025-04-16 17:56:40,211 [INFO] Database connection established
2025-04-16 17:56:40,219 [INFO] Returning 6 flight bookings for identifier=quizzicalbassi1@freethecookies.com
2025-04-16 17:56:40,227 [INFO] Database connection closed for /api/flight_bookings
2025-04-16 17:56:40,234 [INFO] 127.0.0.1 - - [16/Apr/2025 17:56:40] "GET /api/flight_bookings?identifier=quizzicalbassi1@freethecookies.com HTTP/1.1" 200 -
2025-04-16 17:56:40,547 [INFO] Received GET request for /api/flight_bookings
2025-04-16 17:56:40,562 [INFO] Database connection established
2025-04-16 17:56:40,574 [INFO] Returning 6 flight bookings for identifier=quizzicalbassi1@freethecookies.com
2025-04-16 17:56:40,578 [INFO] Database connection closed for /api/flight_bookings
2025-04-16 17:56:40,583 [INFO] 127.0.0.1 - - [16/Apr/2025 17:56:40] "GET /api/flight_bookings?identifier=quizzicalbassi1@freethecookies.com HTTP/1.1" 200 -
